Arguments: 
  /home/oopsy/.nvm/versions/node/v12.18.3/bin/node /usr/sbin/yarn set version classic

PATH: 
  /home/oopsy/.nvm/versions/node/v12.18.3/bin:/usr/local/sbin:/usr/local/bin:/usr/sbin:/usr/bin:/sbin:/bin:/usr/games:/usr/local/games:/mnt/c/windows/system32:/mnt/c/windows:/mnt/c/windows/System32/Wbem:/mnt/c/windows/System32/WindowsPowerShell/v1.0/:/mnt/c/windows/System32/OpenSSH/:/mnt/c/Users/oopsy/scoop/shims:/mnt/c/Users/oopsy/AppData/Local/Microsoft/WindowsApps:/mnt/c/Users/oopsy/AppData/Local/Programs/Microsoft VS Code/bin:/usr/bin/site_perl:/usr/bin/vendor_perl:/usr/bin/core_perl:/home/oopsy/.yarn/bin:/home/oopsy/.yarn/bin:/home/oopsy/.yarn/bin:/home/oopsy/.yarn/bin

Yarn version: 
  1.22.4

Node version: 
  12.18.3

Platform: 
  linux x64

Trace: 
  Error: Release not found: classic
      at /usr/lib/node_modules/yarn/lib/cli.js:90296:17
      at Generator.next (<anonymous>)
      at step (/usr/lib/node_modules/yarn/lib/cli.js:310:30)
      at /usr/lib/node_modules/yarn/lib/cli.js:321:13
      at processTicksAndRejections (internal/process/task_queues.js:97:5)

npm manifest: 
  {
    "name": "react-boilerplate",
    "version": "0.1.0",
    "license": "MIT",
    "dependencies": {
      "react": "^16.13.1",
      "react-dom": "^16.13.1"
    },
    "devDependencies": {
      "@babel/core": "^7.11.1",
      "@babel/eslint-parser": "^7.11.3",
      "@babel/preset-env": "^7.11.0",
      "@babel/preset-react": "^7.10.4",
      "autoprefixer": "^9.8.6",
      "babel-loader": "^8.1.0",
      "clean-webpack-plugin": "^3.0.0",
      "css-loader": "^4.2.1",
      "eslint": "^7.7.0",
      "eslint-config-prettier": "^6.11.0",
      "eslint-loader": "^4.0.2",
      "eslint-plugin-react": "^7.20.6",
      "favicons-webpack-plugin": "^4.2.0",
      "html-webpack-plugin": "^4.3.0",
      "husky": ">=4",
      "jest": "^26.4.0",
      "lint-staged": ">=10",
      "mini-css-extract-plugin": "^0.10.0",
      "normalize.css": "^8.0.1",
      "optimize-css-assets-webpack-plugin": "^5.0.3",
      "postcss-loader": "^3.0.0",
      "prettier": "^2.0.5",
      "style-loader": "^1.2.1",
      "terser-webpack-plugin": "^4.1.0",
      "webpack": "^4.44.1",
      "webpack-bundle-analyzer": "^3.8.0",
      "webpack-cli": "^3.3.12",
      "webpack-dev-server": "^3.11.0"
    },
    "scripts": {
      "start": "webpack-dev-server",
      "build": "webpack --mode production",
      "build:stats": "webpack --mode production --profile --json > stats.json",
      "test": "jest"
    },
    "husky": {
      "hooks": {
        "pre-commit": "lint-staged"
      }
    }
  }

yarn manifest: 
  No manifest

Lockfile: 
  No lockfile
